/storage/scratch/6791409/PlantSegStudio/mmdet3d/evaluation/functional/seg_eval.py:39: RuntimeWarning: invalid value encountered in divide
  return np.diag(hist) / (hist.sum(1) + hist.sum(0) - np.diag(hist))
/storage/scratch/6791409/PlantSegStudio/mmdet3d/evaluation/functional/seg_eval.py:87: RuntimeWarning: invalid value encountered in divide
  return np.nanmean(np.diag(hist) / hist.sum(axis=1))
/storage/scratch/6791409/PlantSegStudio/mmdet3d/evaluation/functional/seg_eval.py:63: RuntimeWarning: invalid value encountered in divide
  return np.diag(hist) / hist.sum(0)
/storage/scratch/6791409/PlantSegStudio/mmdet3d/evaluation/functional/seg_eval.py:73: RuntimeWarning: invalid value encountered in divide
  return np.diag(hist) / hist.sum(1)
/storage/scratch/6791409/PlantSegStudio/mmdet3d/evaluation/functional/seg_eval.py:39: RuntimeWarning: invalid value encountered in divide
  return np.diag(hist) / (hist.sum(1) + hist.sum(0) - np.diag(hist))
/storage/scratch/6791409/PlantSegStudio/mmdet3d/evaluation/functional/seg_eval.py:87: RuntimeWarning: invalid value encountered in divide
  return np.nanmean(np.diag(hist) / hist.sum(axis=1))
/storage/scratch/6791409/PlantSegStudio/mmdet3d/evaluation/functional/seg_eval.py:63: RuntimeWarning: invalid value encountered in divide
  return np.diag(hist) / hist.sum(0)
/storage/scratch/6791409/PlantSegStudio/mmdet3d/evaluation/functional/seg_eval.py:73: RuntimeWarning: invalid value encountered in divide
  return np.diag(hist) / hist.sum(1)
/storage/scratch/6791409/PlantSegStudio/mmdet3d/evaluation/functional/seg_eval.py:39: RuntimeWarning: invalid value encountered in divide
  return np.diag(hist) / (hist.sum(1) + hist.sum(0) - np.diag(hist))
/storage/scratch/6791409/PlantSegStudio/mmdet3d/evaluation/functional/seg_eval.py:87: RuntimeWarning: invalid value encountered in divide
  return np.nanmean(np.diag(hist) / hist.sum(axis=1))
/storage/scratch/6791409/PlantSegStudio/mmdet3d/evaluation/functional/seg_eval.py:63: RuntimeWarning: invalid value encountered in divide
  return np.diag(hist) / hist.sum(0)
/storage/scratch/6791409/PlantSegStudio/mmdet3d/evaluation/functional/seg_eval.py:73: RuntimeWarning: invalid value encountered in divide
  return np.diag(hist) / hist.sum(1)
/storage/scratch/6791409/PlantSegStudio/mmdet3d/evaluation/functional/seg_eval.py:39: RuntimeWarning: invalid value encountered in divide
  return np.diag(hist) / (hist.sum(1) + hist.sum(0) - np.diag(hist))
/storage/scratch/6791409/PlantSegStudio/mmdet3d/evaluation/functional/seg_eval.py:87: RuntimeWarning: invalid value encountered in divide
  return np.nanmean(np.diag(hist) / hist.sum(axis=1))
/storage/scratch/6791409/PlantSegStudio/mmdet3d/evaluation/functional/seg_eval.py:63: RuntimeWarning: invalid value encountered in divide
  return np.diag(hist) / hist.sum(0)
/storage/scratch/6791409/PlantSegStudio/mmdet3d/evaluation/functional/seg_eval.py:73: RuntimeWarning: invalid value encountered in divide
  return np.diag(hist) / hist.sum(1)
/storage/scratch/6791409/PlantSegStudio/mmdet3d/evaluation/functional/seg_eval.py:39: RuntimeWarning: invalid value encountered in divide
  return np.diag(hist) / (hist.sum(1) + hist.sum(0) - np.diag(hist))
/storage/scratch/6791409/PlantSegStudio/mmdet3d/evaluation/functional/seg_eval.py:87: RuntimeWarning: invalid value encountered in divide
  return np.nanmean(np.diag(hist) / hist.sum(axis=1))
/storage/scratch/6791409/PlantSegStudio/mmdet3d/evaluation/functional/seg_eval.py:63: RuntimeWarning: invalid value encountered in divide
  return np.diag(hist) / hist.sum(0)
/storage/scratch/6791409/PlantSegStudio/mmdet3d/evaluation/functional/seg_eval.py:73: RuntimeWarning: invalid value encountered in divide
  return np.diag(hist) / hist.sum(1)
/storage/scratch/6791409/PlantSegStudio/mmdet3d/evaluation/functional/seg_eval.py:39: RuntimeWarning: invalid value encountered in divide
  return np.diag(hist) / (hist.sum(1) + hist.sum(0) - np.diag(hist))
/storage/scratch/6791409/PlantSegStudio/mmdet3d/evaluation/functional/seg_eval.py:87: RuntimeWarning: invalid value encountered in divide
  return np.nanmean(np.diag(hist) / hist.sum(axis=1))
/storage/scratch/6791409/PlantSegStudio/mmdet3d/evaluation/functional/seg_eval.py:63: RuntimeWarning: invalid value encountered in divide
  return np.diag(hist) / hist.sum(0)
/storage/scratch/6791409/PlantSegStudio/mmdet3d/evaluation/functional/seg_eval.py:73: RuntimeWarning: invalid value encountered in divide
  return np.diag(hist) / hist.sum(1)
/storage/scratch/6791409/PlantSegStudio/mmdet3d/evaluation/functional/seg_eval.py:39: RuntimeWarning: invalid value encountered in divide
  return np.diag(hist) / (hist.sum(1) + hist.sum(0) - np.diag(hist))
/storage/scratch/6791409/PlantSegStudio/mmdet3d/evaluation/functional/seg_eval.py:87: RuntimeWarning: invalid value encountered in divide
  return np.nanmean(np.diag(hist) / hist.sum(axis=1))
/storage/scratch/6791409/PlantSegStudio/mmdet3d/evaluation/functional/seg_eval.py:63: RuntimeWarning: invalid value encountered in divide
  return np.diag(hist) / hist.sum(0)
/storage/scratch/6791409/PlantSegStudio/mmdet3d/evaluation/functional/seg_eval.py:73: RuntimeWarning: invalid value encountered in divide
  return np.diag(hist) / hist.sum(1)
/storage/scratch/6791409/PlantSegStudio/mmdet3d/evaluation/functional/seg_eval.py:39: RuntimeWarning: invalid value encountered in divide
  return np.diag(hist) / (hist.sum(1) + hist.sum(0) - np.diag(hist))
/storage/scratch/6791409/PlantSegStudio/mmdet3d/evaluation/functional/seg_eval.py:87: RuntimeWarning: invalid value encountered in divide
  return np.nanmean(np.diag(hist) / hist.sum(axis=1))
/storage/scratch/6791409/PlantSegStudio/mmdet3d/evaluation/functional/seg_eval.py:63: RuntimeWarning: invalid value encountered in divide
  return np.diag(hist) / hist.sum(0)
/storage/scratch/6791409/PlantSegStudio/mmdet3d/evaluation/functional/seg_eval.py:73: RuntimeWarning: invalid value encountered in divide
  return np.diag(hist) / hist.sum(1)
/storage/scratch/6791409/PlantSegStudio/mmdet3d/evaluation/functional/seg_eval.py:39: RuntimeWarning: invalid value encountered in divide
  return np.diag(hist) / (hist.sum(1) + hist.sum(0) - np.diag(hist))
/storage/scratch/6791409/PlantSegStudio/mmdet3d/evaluation/functional/seg_eval.py:87: RuntimeWarning: invalid value encountered in divide
  return np.nanmean(np.diag(hist) / hist.sum(axis=1))
/storage/scratch/6791409/PlantSegStudio/mmdet3d/evaluation/functional/seg_eval.py:63: RuntimeWarning: invalid value encountered in divide
  return np.diag(hist) / hist.sum(0)
/storage/scratch/6791409/PlantSegStudio/mmdet3d/evaluation/functional/seg_eval.py:73: RuntimeWarning: invalid value encountered in divide
  return np.diag(hist) / hist.sum(1)
/storage/scratch/6791409/PlantSegStudio/mmdet3d/evaluation/functional/seg_eval.py:39: RuntimeWarning: invalid value encountered in divide
  return np.diag(hist) / (hist.sum(1) + hist.sum(0) - np.diag(hist))
/storage/scratch/6791409/PlantSegStudio/mmdet3d/evaluation/functional/seg_eval.py:87: RuntimeWarning: invalid value encountered in divide
  return np.nanmean(np.diag(hist) / hist.sum(axis=1))
/storage/scratch/6791409/PlantSegStudio/mmdet3d/evaluation/functional/seg_eval.py:63: RuntimeWarning: invalid value encountered in divide
  return np.diag(hist) / hist.sum(0)
/storage/scratch/6791409/PlantSegStudio/mmdet3d/evaluation/functional/seg_eval.py:73: RuntimeWarning: invalid value encountered in divide
  return np.diag(hist) / hist.sum(1)
/storage/scratch/6791409/PlantSegStudio/mmdet3d/evaluation/functional/seg_eval.py:39: RuntimeWarning: invalid value encountered in divide
  return np.diag(hist) / (hist.sum(1) + hist.sum(0) - np.diag(hist))
/storage/scratch/6791409/PlantSegStudio/mmdet3d/evaluation/functional/seg_eval.py:87: RuntimeWarning: invalid value encountered in divide
  return np.nanmean(np.diag(hist) / hist.sum(axis=1))
/storage/scratch/6791409/PlantSegStudio/mmdet3d/evaluation/functional/seg_eval.py:63: RuntimeWarning: invalid value encountered in divide
  return np.diag(hist) / hist.sum(0)
/storage/scratch/6791409/PlantSegStudio/mmdet3d/evaluation/functional/seg_eval.py:73: RuntimeWarning: invalid value encountered in divide
  return np.diag(hist) / hist.sum(1)
/storage/scratch/6791409/PlantSegStudio/mmdet3d/evaluation/functional/seg_eval.py:39: RuntimeWarning: invalid value encountered in divide
  return np.diag(hist) / (hist.sum(1) + hist.sum(0) - np.diag(hist))
/storage/scratch/6791409/PlantSegStudio/mmdet3d/evaluation/functional/seg_eval.py:87: RuntimeWarning: invalid value encountered in divide
  return np.nanmean(np.diag(hist) / hist.sum(axis=1))
/storage/scratch/6791409/PlantSegStudio/mmdet3d/evaluation/functional/seg_eval.py:63: RuntimeWarning: invalid value encountered in divide
  return np.diag(hist) / hist.sum(0)
/storage/scratch/6791409/PlantSegStudio/mmdet3d/evaluation/functional/seg_eval.py:73: RuntimeWarning: invalid value encountered in divide
  return np.diag(hist) / hist.sum(1)
/storage/scratch/6791409/PlantSegStudio/mmdet3d/evaluation/functional/seg_eval.py:39: RuntimeWarning: invalid value encountered in divide
  return np.diag(hist) / (hist.sum(1) + hist.sum(0) - np.diag(hist))
/storage/scratch/6791409/PlantSegStudio/mmdet3d/evaluation/functional/seg_eval.py:87: RuntimeWarning: invalid value encountered in divide
  return np.nanmean(np.diag(hist) / hist.sum(axis=1))
/storage/scratch/6791409/PlantSegStudio/mmdet3d/evaluation/functional/seg_eval.py:63: RuntimeWarning: invalid value encountered in divide
  return np.diag(hist) / hist.sum(0)
/storage/scratch/6791409/PlantSegStudio/mmdet3d/evaluation/functional/seg_eval.py:73: RuntimeWarning: invalid value encountered in divide
  return np.diag(hist) / hist.sum(1)
/storage/scratch/6791409/PlantSegStudio/mmdet3d/evaluation/functional/seg_eval.py:39: RuntimeWarning: invalid value encountered in divide
  return np.diag(hist) / (hist.sum(1) + hist.sum(0) - np.diag(hist))
/storage/scratch/6791409/PlantSegStudio/mmdet3d/evaluation/functional/seg_eval.py:87: RuntimeWarning: invalid value encountered in divide
  return np.nanmean(np.diag(hist) / hist.sum(axis=1))
/storage/scratch/6791409/PlantSegStudio/mmdet3d/evaluation/functional/seg_eval.py:63: RuntimeWarning: invalid value encountered in divide
  return np.diag(hist) / hist.sum(0)
/storage/scratch/6791409/PlantSegStudio/mmdet3d/evaluation/functional/seg_eval.py:73: RuntimeWarning: invalid value encountered in divide
  return np.diag(hist) / hist.sum(1)
/storage/scratch/6791409/PlantSegStudio/mmdet3d/evaluation/functional/seg_eval.py:39: RuntimeWarning: invalid value encountered in divide
  return np.diag(hist) / (hist.sum(1) + hist.sum(0) - np.diag(hist))
/storage/scratch/6791409/PlantSegStudio/mmdet3d/evaluation/functional/seg_eval.py:87: RuntimeWarning: invalid value encountered in divide
  return np.nanmean(np.diag(hist) / hist.sum(axis=1))
/storage/scratch/6791409/PlantSegStudio/mmdet3d/evaluation/functional/seg_eval.py:63: RuntimeWarning: invalid value encountered in divide
  return np.diag(hist) / hist.sum(0)
/storage/scratch/6791409/PlantSegStudio/mmdet3d/evaluation/functional/seg_eval.py:73: RuntimeWarning: invalid value encountered in divide
  return np.diag(hist) / hist.sum(1)
/storage/scratch/6791409/PlantSegStudio/mmdet3d/evaluation/functional/seg_eval.py:39: RuntimeWarning: invalid value encountered in divide
  return np.diag(hist) / (hist.sum(1) + hist.sum(0) - np.diag(hist))
/storage/scratch/6791409/PlantSegStudio/mmdet3d/evaluation/functional/seg_eval.py:87: RuntimeWarning: invalid value encountered in divide
  return np.nanmean(np.diag(hist) / hist.sum(axis=1))
/storage/scratch/6791409/PlantSegStudio/mmdet3d/evaluation/functional/seg_eval.py:63: RuntimeWarning: invalid value encountered in divide
  return np.diag(hist) / hist.sum(0)
/storage/scratch/6791409/PlantSegStudio/mmdet3d/evaluation/functional/seg_eval.py:73: RuntimeWarning: invalid value encountered in divide
  return np.diag(hist) / hist.sum(1)
/storage/scratch/6791409/PlantSegStudio/mmdet3d/evaluation/functional/seg_eval.py:39: RuntimeWarning: invalid value encountered in divide
  return np.diag(hist) / (hist.sum(1) + hist.sum(0) - np.diag(hist))
/storage/scratch/6791409/PlantSegStudio/mmdet3d/evaluation/functional/seg_eval.py:87: RuntimeWarning: invalid value encountered in divide
  return np.nanmean(np.diag(hist) / hist.sum(axis=1))
/storage/scratch/6791409/PlantSegStudio/mmdet3d/evaluation/functional/seg_eval.py:63: RuntimeWarning: invalid value encountered in divide
  return np.diag(hist) / hist.sum(0)
/storage/scratch/6791409/PlantSegStudio/mmdet3d/evaluation/functional/seg_eval.py:73: RuntimeWarning: invalid value encountered in divide
  return np.diag(hist) / hist.sum(1)
/storage/scratch/6791409/PlantSegStudio/mmdet3d/evaluation/functional/seg_eval.py:39: RuntimeWarning: invalid value encountered in divide
  return np.diag(hist) / (hist.sum(1) + hist.sum(0) - np.diag(hist))
/storage/scratch/6791409/PlantSegStudio/mmdet3d/evaluation/functional/seg_eval.py:87: RuntimeWarning: invalid value encountered in divide
  return np.nanmean(np.diag(hist) / hist.sum(axis=1))
/storage/scratch/6791409/PlantSegStudio/mmdet3d/evaluation/functional/seg_eval.py:63: RuntimeWarning: invalid value encountered in divide
  return np.diag(hist) / hist.sum(0)
/storage/scratch/6791409/PlantSegStudio/mmdet3d/evaluation/functional/seg_eval.py:73: RuntimeWarning: invalid value encountered in divide
  return np.diag(hist) / hist.sum(1)
/storage/scratch/6791409/PlantSegStudio/mmdet3d/evaluation/functional/seg_eval.py:39: RuntimeWarning: invalid value encountered in divide
  return np.diag(hist) / (hist.sum(1) + hist.sum(0) - np.diag(hist))
/storage/scratch/6791409/PlantSegStudio/mmdet3d/evaluation/functional/seg_eval.py:87: RuntimeWarning: invalid value encountered in divide
  return np.nanmean(np.diag(hist) / hist.sum(axis=1))
/storage/scratch/6791409/PlantSegStudio/mmdet3d/evaluation/functional/seg_eval.py:63: RuntimeWarning: invalid value encountered in divide
  return np.diag(hist) / hist.sum(0)
/storage/scratch/6791409/PlantSegStudio/mmdet3d/evaluation/functional/seg_eval.py:73: RuntimeWarning: invalid value encountered in divide
  return np.diag(hist) / hist.sum(1)
/storage/scratch/6791409/PlantSegStudio/mmdet3d/evaluation/functional/seg_eval.py:39: RuntimeWarning: invalid value encountered in divide
  return np.diag(hist) / (hist.sum(1) + hist.sum(0) - np.diag(hist))
/storage/scratch/6791409/PlantSegStudio/mmdet3d/evaluation/functional/seg_eval.py:87: RuntimeWarning: invalid value encountered in divide
  return np.nanmean(np.diag(hist) / hist.sum(axis=1))
/storage/scratch/6791409/PlantSegStudio/mmdet3d/evaluation/functional/seg_eval.py:63: RuntimeWarning: invalid value encountered in divide
  return np.diag(hist) / hist.sum(0)
/storage/scratch/6791409/PlantSegStudio/mmdet3d/evaluation/functional/seg_eval.py:73: RuntimeWarning: invalid value encountered in divide
  return np.diag(hist) / hist.sum(1)
/storage/scratch/6791409/PlantSegStudio/mmdet3d/evaluation/functional/seg_eval.py:39: RuntimeWarning: invalid value encountered in divide
  return np.diag(hist) / (hist.sum(1) + hist.sum(0) - np.diag(hist))
/storage/scratch/6791409/PlantSegStudio/mmdet3d/evaluation/functional/seg_eval.py:87: RuntimeWarning: invalid value encountered in divide
  return np.nanmean(np.diag(hist) / hist.sum(axis=1))
/storage/scratch/6791409/PlantSegStudio/mmdet3d/evaluation/functional/seg_eval.py:63: RuntimeWarning: invalid value encountered in divide
  return np.diag(hist) / hist.sum(0)
/storage/scratch/6791409/PlantSegStudio/mmdet3d/evaluation/functional/seg_eval.py:73: RuntimeWarning: invalid value encountered in divide
  return np.diag(hist) / hist.sum(1)
/storage/scratch/6791409/PlantSegStudio/mmdet3d/evaluation/functional/seg_eval.py:39: RuntimeWarning: invalid value encountered in divide
  return np.diag(hist) / (hist.sum(1) + hist.sum(0) - np.diag(hist))
/storage/scratch/6791409/PlantSegStudio/mmdet3d/evaluation/functional/seg_eval.py:87: RuntimeWarning: invalid value encountered in divide
  return np.nanmean(np.diag(hist) / hist.sum(axis=1))
/storage/scratch/6791409/PlantSegStudio/mmdet3d/evaluation/functional/seg_eval.py:63: RuntimeWarning: invalid value encountered in divide
  return np.diag(hist) / hist.sum(0)
/storage/scratch/6791409/PlantSegStudio/mmdet3d/evaluation/functional/seg_eval.py:73: RuntimeWarning: invalid value encountered in divide
  return np.diag(hist) / hist.sum(1)
/storage/scratch/6791409/PlantSegStudio/mmdet3d/evaluation/functional/seg_eval.py:39: RuntimeWarning: invalid value encountered in divide
  return np.diag(hist) / (hist.sum(1) + hist.sum(0) - np.diag(hist))
/storage/scratch/6791409/PlantSegStudio/mmdet3d/evaluation/functional/seg_eval.py:87: RuntimeWarning: invalid value encountered in divide
  return np.nanmean(np.diag(hist) / hist.sum(axis=1))
/storage/scratch/6791409/PlantSegStudio/mmdet3d/evaluation/functional/seg_eval.py:63: RuntimeWarning: invalid value encountered in divide
  return np.diag(hist) / hist.sum(0)
/storage/scratch/6791409/PlantSegStudio/mmdet3d/evaluation/functional/seg_eval.py:73: RuntimeWarning: invalid value encountered in divide
  return np.diag(hist) / hist.sum(1)
/storage/scratch/6791409/PlantSegStudio/mmdet3d/evaluation/functional/seg_eval.py:39: RuntimeWarning: invalid value encountered in divide
  return np.diag(hist) / (hist.sum(1) + hist.sum(0) - np.diag(hist))
/storage/scratch/6791409/PlantSegStudio/mmdet3d/evaluation/functional/seg_eval.py:87: RuntimeWarning: invalid value encountered in divide
  return np.nanmean(np.diag(hist) / hist.sum(axis=1))
/storage/scratch/6791409/PlantSegStudio/mmdet3d/evaluation/functional/seg_eval.py:63: RuntimeWarning: invalid value encountered in divide
  return np.diag(hist) / hist.sum(0)
/storage/scratch/6791409/PlantSegStudio/mmdet3d/evaluation/functional/seg_eval.py:73: RuntimeWarning: invalid value encountered in divide
  return np.diag(hist) / hist.sum(1)
/storage/scratch/6791409/PlantSegStudio/mmdet3d/evaluation/functional/seg_eval.py:39: RuntimeWarning: invalid value encountered in divide
  return np.diag(hist) / (hist.sum(1) + hist.sum(0) - np.diag(hist))
/storage/scratch/6791409/PlantSegStudio/mmdet3d/evaluation/functional/seg_eval.py:87: RuntimeWarning: invalid value encountered in divide
  return np.nanmean(np.diag(hist) / hist.sum(axis=1))
/storage/scratch/6791409/PlantSegStudio/mmdet3d/evaluation/functional/seg_eval.py:63: RuntimeWarning: invalid value encountered in divide
  return np.diag(hist) / hist.sum(0)
/storage/scratch/6791409/PlantSegStudio/mmdet3d/evaluation/functional/seg_eval.py:73: RuntimeWarning: invalid value encountered in divide
  return np.diag(hist) / hist.sum(1)
/storage/scratch/6791409/PlantSegStudio/mmdet3d/evaluation/functional/seg_eval.py:39: RuntimeWarning: invalid value encountered in divide
  return np.diag(hist) / (hist.sum(1) + hist.sum(0) - np.diag(hist))
/storage/scratch/6791409/PlantSegStudio/mmdet3d/evaluation/functional/seg_eval.py:87: RuntimeWarning: invalid value encountered in divide
  return np.nanmean(np.diag(hist) / hist.sum(axis=1))
/storage/scratch/6791409/PlantSegStudio/mmdet3d/evaluation/functional/seg_eval.py:63: RuntimeWarning: invalid value encountered in divide
  return np.diag(hist) / hist.sum(0)
/storage/scratch/6791409/PlantSegStudio/mmdet3d/evaluation/functional/seg_eval.py:73: RuntimeWarning: invalid value encountered in divide
  return np.diag(hist) / hist.sum(1)
/storage/scratch/6791409/PlantSegStudio/mmdet3d/evaluation/functional/seg_eval.py:39: RuntimeWarning: invalid value encountered in divide
  return np.diag(hist) / (hist.sum(1) + hist.sum(0) - np.diag(hist))
/storage/scratch/6791409/PlantSegStudio/mmdet3d/evaluation/functional/seg_eval.py:87: RuntimeWarning: invalid value encountered in divide
  return np.nanmean(np.diag(hist) / hist.sum(axis=1))
/storage/scratch/6791409/PlantSegStudio/mmdet3d/evaluation/functional/seg_eval.py:63: RuntimeWarning: invalid value encountered in divide
  return np.diag(hist) / hist.sum(0)
/storage/scratch/6791409/PlantSegStudio/mmdet3d/evaluation/functional/seg_eval.py:73: RuntimeWarning: invalid value encountered in divide
  return np.diag(hist) / hist.sum(1)
/storage/scratch/6791409/PlantSegStudio/mmdet3d/evaluation/functional/seg_eval.py:39: RuntimeWarning: invalid value encountered in divide
  return np.diag(hist) / (hist.sum(1) + hist.sum(0) - np.diag(hist))
/storage/scratch/6791409/PlantSegStudio/mmdet3d/evaluation/functional/seg_eval.py:87: RuntimeWarning: invalid value encountered in divide
  return np.nanmean(np.diag(hist) / hist.sum(axis=1))
/storage/scratch/6791409/PlantSegStudio/mmdet3d/evaluation/functional/seg_eval.py:63: RuntimeWarning: invalid value encountered in divide
  return np.diag(hist) / hist.sum(0)
/storage/scratch/6791409/PlantSegStudio/mmdet3d/evaluation/functional/seg_eval.py:73: RuntimeWarning: invalid value encountered in divide
  return np.diag(hist) / hist.sum(1)
/storage/scratch/6791409/PlantSegStudio/mmdet3d/evaluation/functional/seg_eval.py:39: RuntimeWarning: invalid value encountered in divide
  return np.diag(hist) / (hist.sum(1) + hist.sum(0) - np.diag(hist))
/storage/scratch/6791409/PlantSegStudio/mmdet3d/evaluation/functional/seg_eval.py:87: RuntimeWarning: invalid value encountered in divide
  return np.nanmean(np.diag(hist) / hist.sum(axis=1))
/storage/scratch/6791409/PlantSegStudio/mmdet3d/evaluation/functional/seg_eval.py:63: RuntimeWarning: invalid value encountered in divide
  return np.diag(hist) / hist.sum(0)
/storage/scratch/6791409/PlantSegStudio/mmdet3d/evaluation/functional/seg_eval.py:73: RuntimeWarning: invalid value encountered in divide
  return np.diag(hist) / hist.sum(1)
slurmstepd: error: *** JOB 2192 ON cs03 CANCELLED AT 2026-04-01T13:13:04 DUE TO TIME LIMIT ***
